# JRE version: Java(TM) SE Runtime Environment (8.0_20-b26) (build 1.8.0_20-b26)
# Java VM: Java HotSpot(TM) 64-Bit Server VM (25.20-b23 mixed mode windows-amd64 compressed oops)
Heap:
 PSYoungGen      total 88576K, used 74337K [0x00000000d6500000, 0x00000000dcc80000, 0x0000000100000000)
  eden space 83456K, 83% used [0x00000000d6500000,0x00000000da916ca8,0x00000000db680000)
  from space 5120K, 90% used [0x00000000dbb80000,0x00000000dc001830,0x00000000dc080000)
  to   space 5120K, 0% used [0x00000000db680000,0x00000000db680000,0x00000000dbb80000)
 ParOldGen       total 197632K, used 60809K [0x0000000082e00000, 0x000000008ef00000, 0x00000000d6500000)
  object space 197632K, 30% used [0x0000000082e00000,0x00000000869627c0,0x000000008ef00000)
 Metaspace       used 10508K, capacity 10692K, committed 11008K, reserved 1058816K
  class space    used 1184K, capacity 1250K, committed 1280K, reserved 1048576K
GC Heap History (10 events):
Event: 0.912 GC heap before
{Heap before GC invocations=2 (full 1):
 PSYoungGen      total 37888K, used 2512K [0x00000000d6500000, 0x00000000daf00000, 0x0000000100000000)
  eden space 32768K, 0% used [0x00000000d6500000,0x00000000d6500000,0x00000000d8500000)
  from space 5120K, 49% used [0x00000000d8500000,0x00000000d8774010,0x00000000d8a00000)
  to   space 5120K, 0% used [0x00000000daa00000,0x00000000daa00000,0x00000000daf00000)
 ParOldGen       total 86016K, used 58601K [0x0000000082e00000, 0x0000000088200000, 0x00000000d6500000)
  object space 86016K, 68% used [0x0000000082e00000,0x000000008673a730,0x0000000088200000)
 Metaspace       used 7883K, capacity 8044K, committed 8192K, reserved 1056768K
  class space    used 884K, capacity 928K, committed 1024K, reserved 1048576K
Event: 0.933 GC heap after
Heap after GC invocations=2 (full 1):
 PSYoungGen      total 37888K, used 0K [0x00000000d6500000, 0x00000000daf00000, 0x0000000100000000)
  eden space 32768K, 0% used [0x00000000d6500000,0x00000000d6500000,0x00000000d8500000)
  from space 5120K, 0% used [0x00000000d8500000,0x00000000d8500000,0x00000000d8a00000)
  to   space 5120K, 0% used [0x00000000daa00000,0x00000000daa00000,0x00000000daf00000)
 ParOldGen       total 129024K, used 21953K [0x0000000082e00000, 0x000000008ac00000, 0x00000000d6500000)
  object space 129024K, 17% used [0x0000000082e00000,0x0000000084370488,0x000000008ac00000)
 Metaspace       used 7882K, capacity 8042K, committed 8192K, reserved 1056768K
  class space    used 883K, capacity 927K, committed 1024K, reserved 1048576K
}
Event: 1.118 GC heap before
{Heap before GC invocations=3 (full 1):
 PSYoungGen      total 37888K, used 32768K [0x00000000d6500000, 0x00000000daf00000, 0x0000000100000000)
  eden space 32768K, 100% used [0x00000000d6500000,0x00000000d8500000,0x00000000d8500000)
  from space 5120K, 0% used [0x00000000d8500000,0x00000000d8500000,0x00000000d8a00000)
  to   space 5120K, 0% used [0x00000000daa00000,0x00000000daa00000,0x00000000daf00000)
 ParOldGen       total 129024K, used 21953K [0x0000000082e00000, 0x000000008ac00000, 0x00000000d6500000)
  object space 129024K, 17% used [0x0000000082e00000,0x0000000084370488,0x000000008ac00000)
 Metaspace       used 8741K, capacity 8874K, committed 9088K, reserved 1056768K
  class space    used 990K, capacity 1055K, committed 1152K, reserved 1048576K
Event: 1.123 GC heap after
Heap after GC invocations=3 (full 1):
 PSYoungGen      total 50688K, used 288K [0x00000000d6500000, 0x00000000daa80000, 0x0000000100000000)
  eden space 50176K, 0% used [0x00000000d6500000,0x00000000d6500000,0x00000000d9600000)
  from space 512K, 56% used [0x00000000daa00000,0x00000000daa48000,0x00000000daa80000)
  to   space 5120K, 0% used [0x00000000da080000,0x00000000da080000,0x00000000da580000)
 ParOldGen       total 129024K, used 44422K [0x0000000082e00000, 0x000000008ac00000, 0x00000000d6500000)
  object space 129024K, 34% used [0x0000000082e00000,0x0000000085961868,0x000000008ac00000)
 Metaspace       used 8741K, capacity 8874K, committed 9088K, reserved 1056768K
  class space    used 990K, capacity 1055K, committed 1152K, reserved 1048576K
}
Event: 1.297 GC heap before
{Heap before GC invocations=4 (full 1):
 PSYoungGen      total 50688K, used 50464K [0x00000000d6500000, 0x00000000daa80000, 0x0000000100000000)
  eden space 50176K, 100% used [0x00000000d6500000,0x00000000d9600000,0x00000000d9600000)
  from space 512K, 56% used [0x00000000daa00000,0x00000000daa48000,0x00000000daa80000)
  to   space 5120K, 0% used [0x00000000da080000,0x00000000da080000,0x00000000da580000)
 ParOldGen       total 129024K, used 44422K [0x0000000082e00000, 0x000000008ac00000, 0x00000000d6500000)
  object space 129024K, 34% used [0x0000000082e00000,0x0000000085961868,0x000000008ac00000)
 Metaspace       used 8745K, capacity 8874K, committed 9088K, reserved 1056768K
  class space    used 990K, capacity 1055K, committed 1152K, reserved 1048576K
Event: 1.313 GC heap after
Heap after GC invocations=4 (full 1):
 PSYoungGen      total 66048K, used 320K [0x00000000d6500000, 0x00000000dc080000, 0x0000000100000000)
  eden space 60928K, 0% used [0x00000000d6500000,0x00000000d6500000,0x00000000da080000)
  from space 5120K, 6% used [0x00000000da080000,0x00000000da0d0000,0x00000000da580000)
  to   space 5120K, 0% used [0x00000000dbb80000,0x00000000dbb80000,0x00000000dc080000)
 ParOldGen       total 129024K, used 100582K [0x0000000082e00000, 0x000000008ac00000, 0x00000000d6500000)
  object space 129024K, 77% used [0x0000000082e00000,0x0000000089039a18,0x000000008ac00000)
 Metaspace       used 8745K, capacity 8874K, committed 9088K, reserved 1056768K
  class space    used 990K, capacity 1055K, committed 1152K, reserved 1048576K
}
Event: 1.313 GC heap before
{Heap before GC invocations=5 (full 2):
 PSYoungGen      total 66048K, used 320K [0x00000000d6500000, 0x00000000dc080000, 0x0000000100000000)
  eden space 60928K, 0% used [0x00000000d6500000,0x00000000d6500000,0x00000000da080000)
  from space 5120K, 6% used [0x00000000da080000,0x00000000da0d0000,0x00000000da580000)
  to   space 5120K, 0% used [0x00000000dbb80000,0x00000000dbb80000,0x00000000dc080000)
 ParOldGen       total 129024K, used 100582K [0x0000000082e00000, 0x000000008ac00000, 0x00000000d6500000)
  object space 129024K, 77% used [0x0000000082e00000,0x0000000089039a18,0x000000008ac00000)
 Metaspace       used 8745K, capacity 8874K, committed 9088K, reserved 1056768K
  class space    used 990K, capacity 1055K, committed 1152K, reserved 1048576K
Event: 1.326 GC heap after
Heap after GC invocations=5 (full 2):
 PSYoungGen      total 66048K, used 0K [0x00000000d6500000, 0x00000000dc080000, 0x0000000100000000)
  eden space 60928K, 0% used [0x00000000d6500000,0x00000000d6500000,0x00000000da080000)
  from space 5120K, 0% used [0x00000000da080000,0x00000000da080000,0x00000000da580000)
  to   space 5120K, 0% used [0x00000000dbb80000,0x00000000dbb80000,0x00000000dc080000)
 ParOldGen       total 197632K, used 55927K [0x0000000082e00000, 0x000000008ef00000, 0x00000000d6500000)
  object space 197632K, 28% used [0x0000000082e00000,0x000000008649dc70,0x000000008ef00000)
 Metaspace       used 8745K, capacity 8874K, committed 9088K, reserved 1056768K
  class space    used 990K, capacity 1055K, committed 1152K, reserved 1048576K
}
Event: 1.623 GC heap before
{Heap before GC invocations=6 (full 2):
 PSYoungGen      total 66048K, used 60519K [0x00000000d6500000, 0x00000000dc080000, 0x0000000100000000)
  eden space 60928K, 99% used [0x00000000d6500000,0x00000000da019fd0,0x00000000da080000)
  from space 5120K, 0% used [0x00000000da080000,0x00000000da080000,0x00000000da580000)
  to   space 5120K, 0% used [0x00000000dbb80000,0x00000000dbb80000,0x00000000dc080000)
 ParOldGen       total 197632K, used 55927K [0x0000000082e00000, 0x000000008ef00000, 0x00000000d6500000)
  object space 197632K, 28% used [0x0000000082e00000,0x000000008649dc70,0x000000008ef00000)
 Metaspace       used 9956K, capacity 10076K, committed 10240K, reserved 1058816K
  class space    used 1171K, capacity 1218K, committed 1280K, reserved 1048576K
Event: 1.628 GC heap after
Heap after GC invocations=6 (full 2):
 PSYoungGen      total 88576K, used 4614K [0x00000000d6500000, 0x00000000dcc80000, 0x0000000100000000)
  eden space 83456K, 0% used [0x00000000d6500000,0x00000000d6500000,0x00000000db680000)
  from space 5120K, 90% used [0x00000000dbb80000,0x00000000dc001830,0x00000000dc080000)
  to   space 5120K, 0% used [0x00000000db680000,0x00000000db680000,0x00000000dbb80000)
 ParOldGen       total 197632K, used 60809K [0x0000000082e00000, 0x000000008ef00000, 0x00000000d6500000)
  object space 197632K, 30% used [0x0000000082e00000,0x00000000869627c0,0x000000008ef00000)
 Metaspace       used 9956K, capacity 10076K, committed 10240K, reserved 1058816K
  class space    used 1171K, capacity 1218K, committed 1280K, reserved 1048576K
}

