# JRE version: Java(TM) SE Runtime Environment (8.0_20-b26) (build 1.8.0_20-b26)
# Java VM: Java HotSpot(TM) Client VM (25.20-b23 mixed mode windows-x86 )
Heap:
 def new generation   total 4928K, used 2914K [0x04600000, 0x04b50000, 0x09b50000)
  eden space 4416K,  65% used [0x04600000, 0x048d86b0, 0x04a50000)
  from space 512K,   0% used [0x04ad0000, 0x04ad0478, 0x04b50000)
  to   space 512K,   0% used [0x04a50000, 0x04a50000, 0x04ad0000)
 tenured generation   total 10944K, used 3402K [0x09b50000, 0x0a600000, 0x14600000)
   the space 10944K,  31% used [0x09b50000, 0x09ea2ae0, 0x09ea2c00, 0x0a600000)
 Metaspace       used 5424K, capacity 5557K, committed 5632K, reserved 6528K
GC Heap History (10 events):
Event: 685.322 GC heap before
{Heap before GC invocations=30 (full 0):
 def new generation   total 4928K, used 4417K [0x04600000, 0x04b50000, 0x09b50000)
  eden space 4416K, 100% used [0x04600000, 0x04a50000, 0x04a50000)
  from space 512K,   0% used [0x04a50000, 0x04a50488, 0x04ad0000)
  to   space 512K,   0% used [0x04ad0000, 0x04ad0000, 0x04b50000)
 tenured generation   total 10944K, used 3402K [0x09b50000, 0x0a600000, 0x14600000)
   the space 10944K,  31% used [0x09b50000, 0x09ea2ae0, 0x09ea2c00, 0x0a600000)
 Metaspace       used 5422K, capacity 5557K, committed 5632K, reserved 6528K
Event: 685.323 GC heap after
Heap after GC invocations=31 (full 0):
 def new generation   total 4928K, used 0K [0x04600000, 0x04b50000, 0x09b50000)
  eden space 4416K,   0% used [0x04600000, 0x04600000, 0x04a50000)
  from space 512K,   0% used [0x04ad0000, 0x04ad0138, 0x04b50000)
  to   space 512K,   0% used [0x04a50000, 0x04a50000, 0x04ad0000)
 tenured generation   total 10944K, used 3402K [0x09b50000, 0x0a600000, 0x14600000)
   the space 10944K,  31% used [0x09b50000, 0x09ea2ae0, 0x09ea2c00, 0x0a600000)
 Metaspace       used 5422K, capacity 5557K, committed 5632K, reserved 6528K
}
Event: 707.128 GC heap before
{Heap before GC invocations=31 (full 0):
 def new generation   total 4928K, used 4416K [0x04600000, 0x04b50000, 0x09b50000)
  eden space 4416K, 100% used [0x04600000, 0x04a50000, 0x04a50000)
  from space 512K,   0% used [0x04ad0000, 0x04ad0138, 0x04b50000)
  to   space 512K,   0% used [0x04a50000, 0x04a50000, 0x04ad0000)
 tenured generation   total 10944K, used 3402K [0x09b50000, 0x0a600000, 0x14600000)
   the space 10944K,  31% used [0x09b50000, 0x09ea2ae0, 0x09ea2c00, 0x0a600000)
 Metaspace       used 5422K, capacity 5557K, committed 5632K, reserved 6528K
Event: 707.128 GC heap after
Heap after GC invocations=32 (full 0):
 def new generation   total 4928K, used 0K [0x04600000, 0x04b50000, 0x09b50000)
  eden space 4416K,   0% used [0x04600000, 0x04600000, 0x04a50000)
  from space 512K,   0% used [0x04a50000, 0x04a50328, 0x04ad0000)
  to   space 512K,   0% used [0x04ad0000, 0x04ad0000, 0x04b50000)
 tenured generation   total 10944K, used 3402K [0x09b50000, 0x0a600000, 0x14600000)
   the space 10944K,  31% used [0x09b50000, 0x09ea2ae0, 0x09ea2c00, 0x0a600000)
 Metaspace       used 5422K, capacity 5557K, committed 5632K, reserved 6528K
}
Event: 727.907 GC heap before
{Heap before GC invocations=32 (full 0):
 def new generation   total 4928K, used 4416K [0x04600000, 0x04b50000, 0x09b50000)
  eden space 4416K, 100% used [0x04600000, 0x04a50000, 0x04a50000)
  from space 512K,   0% used [0x04a50000, 0x04a50328, 0x04ad0000)
  to   space 512K,   0% used [0x04ad0000, 0x04ad0000, 0x04b50000)
 tenured generation   total 10944K, used 3402K [0x09b50000, 0x0a600000, 0x14600000)
   the space 10944K,  31% used [0x09b50000, 0x09ea2ae0, 0x09ea2c00, 0x0a600000)
 Metaspace       used 5422K, capacity 5557K, committed 5632K, reserved 6528K
Event: 727.909 GC heap after
Heap after GC invocations=33 (full 0):
 def new generation   total 4928K, used 1K [0x04600000, 0x04b50000, 0x09b50000)
  eden space 4416K,   0% used [0x04600000, 0x04600000, 0x04a50000)
  from space 512K,   0% used [0x04ad0000, 0x04ad0488, 0x04b50000)
  to   space 512K,   0% used [0x04a50000, 0x04a50000, 0x04ad0000)
 tenured generation   total 10944K, used 3402K [0x09b50000, 0x0a600000, 0x14600000)
   the space 10944K,  31% used [0x09b50000, 0x09ea2ae0, 0x09ea2c00, 0x0a600000)
 Metaspace       used 5422K, capacity 5557K, committed 5632K, reserved 6528K
}
Event: 751.265 GC heap before
{Heap before GC invocations=33 (full 0):
 def new generation   total 4928K, used 4417K [0x04600000, 0x04b50000, 0x09b50000)
  eden space 4416K, 100% used [0x04600000, 0x04a50000, 0x04a50000)
  from space 512K,   0% used [0x04ad0000, 0x04ad0488, 0x04b50000)
  to   space 512K,   0% used [0x04a50000, 0x04a50000, 0x04ad0000)
 tenured generation   total 10944K, used 3402K [0x09b50000, 0x0a600000, 0x14600000)
   the space 10944K,  31% used [0x09b50000, 0x09ea2ae0, 0x09ea2c00, 0x0a600000)
 Metaspace       used 5422K, capacity 5557K, committed 5632K, reserved 6528K
Event: 751.266 GC heap after
Heap after GC invocations=34 (full 0):
 def new generation   total 4928K, used 1K [0x04600000, 0x04b50000, 0x09b50000)
  eden space 4416K,   0% used [0x04600000, 0x04600000, 0x04a50000)
  from space 512K,   0% used [0x04a50000, 0x04a50488, 0x04ad0000)
  to   space 512K,   0% used [0x04ad0000, 0x04ad0000, 0x04b50000)
 tenured generation   total 10944K, used 3402K [0x09b50000, 0x0a600000, 0x14600000)
   the space 10944K,  31% used [0x09b50000, 0x09ea2ae0, 0x09ea2c00, 0x0a600000)
 Metaspace       used 5422K, capacity 5557K, committed 5632K, reserved 6528K
}
Event: 772.750 GC heap before
{Heap before GC invocations=34 (full 0):
 def new generation   total 4928K, used 4417K [0x04600000, 0x04b50000, 0x09b50000)
  eden space 4416K, 100% used [0x04600000, 0x04a50000, 0x04a50000)
  from space 512K,   0% used [0x04a50000, 0x04a50488, 0x04ad0000)
  to   space 512K,   0% used [0x04ad0000, 0x04ad0000, 0x04b50000)
 tenured generation   total 10944K, used 3402K [0x09b50000, 0x0a600000, 0x14600000)
   the space 10944K,  31% used [0x09b50000, 0x09ea2ae0, 0x09ea2c00, 0x0a600000)
 Metaspace       used 5422K, capacity 5557K, committed 5632K, reserved 6528K
Event: 772.751 GC heap after
Heap after GC invocations=35 (full 0):
 def new generation   total 4928K, used 1K [0x04600000, 0x04b50000, 0x09b50000)
  eden space 4416K,   0% used [0x04600000, 0x04600000, 0x04a50000)
  from space 512K,   0% used [0x04ad0000, 0x04ad0478, 0x04b50000)
  to   space 512K,   0% used [0x04a50000, 0x04a50000, 0x04ad0000)
 tenured generation   total 10944K, used 3402K [0x09b50000, 0x0a600000, 0x14600000)
   the space 10944K,  31% used [0x09b50000, 0x09ea2ae0, 0x09ea2c00, 0x0a600000)
 Metaspace       used 5422K, capacity 5557K, committed 5632K, reserved 6528K
}

